Performing C SOURCE FILE Test COMPILER_HAS_THOSE_TOGGLES failed with the following output:
Change Dir: C:/Users/Lorenzo/Documents/prog/Rust/CheeseAdventure/target/debug/build/raylib-sys-8054781e40e42c50/out/build/CMakeFiles/CMakeTmp

Run Build Command(s):C:/Program Files (x86)/Microsoft Visual Studio/2019/Community/MSBuild/Current/Bin/MSBuild.exe cmTC_b45e6.vcxproj /p:Configuration=Debug /p:Platform=x64 /p:VisualStudioVersion=16.0 /v:m && Microsoft (R) Build Engine version 16.2.37902+b5aaefc9f for .NET Framework
Copyright (C) Microsoft Corporation. All rights reserved.

  cl : error della riga di comando D8021 : argomento numerico '/Werror=pointer-arith' non valido
C:\Program Files (x86)\Microsoft Visual Studio\2019\Community\MSBuild\Microsoft\VC\v160\Microsoft.CppCommon.targets(429,5): error MSB6006: "CL.exe" exited with code 2. [C:\Users\Lorenzo\Documents\prog\Rust\CheeseAdventure\target\debug\build\raylib-sys-8054781e40e42c50\out\build\CMakeFiles\CMakeTmp\cmTC_b45e6.vcxproj]


Source file was:
int main(void) { return 0; }
Performing C SOURCE FILE Test CMAKE_HAVE_LIBC_PTHREAD failed with the following output:
Change Dir: C:/Users/Lorenzo/Documents/prog/Rust/CheeseAdventure/target/debug/build/raylib-sys-8054781e40e42c50/out/build/CMakeFiles/CMakeTmp

Run Build Command(s):C:/Program Files (x86)/Microsoft Visual Studio/2019/Community/MSBuild/Current/Bin/MSBuild.exe cmTC_5fc03.vcxproj /p:Configuration=Debug /p:Platform=x64 /p:VisualStudioVersion=16.0 /v:m && Microsoft (R) Build Engine version 16.2.37902+b5aaefc9f for .NET Framework
Copyright (C) Microsoft Corporation. All rights reserved.

  src.c
C:\Users\Lorenzo\Documents\prog\Rust\CheeseAdventure\target\debug\build\raylib-sys-8054781e40e42c50\out\build\CMakeFiles\CMakeTmp\src.c(1,10): error C1083:  Non è possibile aprire il file inclusione: 'pthread.h': No such file or directory [C:\Users\Lorenzo\Documents\prog\Rust\CheeseAdventure\target\debug\build\raylib-sys-8054781e40e42c50\out\build\CMakeFiles\CMakeTmp\cmTC_5fc03.vcxproj]


Source file was:
#include <pthread.h>

static void* test_func(void* data)
{
  return data;
}

int main(void)
{
  pthread_t thread;
  pthread_create(&thread, NULL, test_func, NULL);
  pthread_detach(thread);
  pthread_cancel(thread);
  pthread_join(thread, NULL);
  pthread_atfork(NULL, NULL, NULL);
  pthread_exit(NULL);

  return 0;
}

Determining if the function pthread_create exists in the pthreads failed with the following output:
Change Dir: C:/Users/Lorenzo/Documents/prog/Rust/CheeseAdventure/target/debug/build/raylib-sys-8054781e40e42c50/out/build/CMakeFiles/CMakeTmp

Run Build Command(s):C:/Program Files (x86)/Microsoft Visual Studio/2019/Community/MSBuild/Current/Bin/MSBuild.exe cmTC_e5d70.vcxproj /p:Configuration=Debug /p:Platform=x64 /p:VisualStudioVersion=16.0 /v:m && Microsoft (R) Build Engine version 16.2.37902+b5aaefc9f for .NET Framework
Copyright (C) Microsoft Corporation. All rights reserved.

  CheckFunctionExists.c
LINK : fatal error LNK1104: impossibile aprire il file 'pthreads.lib' [C:\Users\Lorenzo\Documents\prog\Rust\CheeseAdventure\target\debug\build\raylib-sys-8054781e40e42c50\out\build\CMakeFiles\CMakeTmp\cmTC_e5d70.vcxproj]



Determining if the function pthread_create exists in the pthread failed with the following output:
Change Dir: C:/Users/Lorenzo/Documents/prog/Rust/CheeseAdventure/target/debug/build/raylib-sys-8054781e40e42c50/out/build/CMakeFiles/CMakeTmp

Run Build Command(s):C:/Program Files (x86)/Microsoft Visual Studio/2019/Community/MSBuild/Current/Bin/MSBuild.exe cmTC_269c7.vcxproj /p:Configuration=Debug /p:Platform=x64 /p:VisualStudioVersion=16.0 /v:m && Microsoft (R) Build Engine version 16.2.37902+b5aaefc9f for .NET Framework
Copyright (C) Microsoft Corporation. All rights reserved.

  CheckFunctionExists.c
LINK : fatal error LNK1104: impossibile aprire il file 'pthread.lib' [C:\Users\Lorenzo\Documents\prog\Rust\CheeseAdventure\target\debug\build\raylib-sys-8054781e40e42c50\out\build\CMakeFiles\CMakeTmp\cmTC_269c7.vcxproj]



